<?xml version="1.0" encoding="UTF-8"?>
<!-- Generated by org.testng.reporters.JUnitReportReporter -->
<testsuite skipped="0" hostname="MacBook-Air-Vladislav.local" name="scripts.AutomationExerciseTest" tests="4" failures="0" timestamp="2023-01-15T20:40:46 CST" time="60.095" errors="0">
  <testcase name="validateAutomationExerciseLogo" time="9.317" classname="scripts.AutomationExerciseTest"/>
  <system-out/>
  <testcase name="validateAutomationExerciseHeaderElements" time="22.953" classname="scripts.AutomationExerciseTest"/>
  <system-out/>
  <testcase name="validateAutomationExerciseSubscription" time="10.847" classname="scripts.AutomationExerciseTest"/>
  <system-out/>
  <testcase name="validateAutomationExerciseFooter" time="16.978" classname="scripts.AutomationExerciseTest"/>
  <system-out/>
</testsuite> <!-- scripts.AutomationExerciseTest -->
